  Enemy.cpp
c:\users\ted_d\desktop\comp\2501\teamproject\texturedemo\texturedemo\node.h(34): warning C4018: “<”: 有符号/无符号不匹配
c:\users\ted_d\desktop\comp\2501\teamproject\texturedemo\texturedemo\enemy.h(55): warning C4244: “初始化”: 从“double”转换到“int”，可能丢失数据
c:\users\ted_d\desktop\comp\2501\teamproject\texturedemo\texturedemo\enemy.cpp(15): warning C4244: “=”: 从“double”转换到“float”，可能丢失数据
  Graph.cpp
c:\users\ted_d\desktop\comp\2501\teamproject\texturedemo\texturedemo\node.h(34): warning C4018: “<”: 有符号/无符号不匹配
c:\users\ted_d\desktop\comp\2501\teamproject\texturedemo\texturedemo\graph.cpp(51): warning C4018: “<”: 有符号/无符号不匹配
c:\users\ted_d\desktop\comp\2501\teamproject\texturedemo\texturedemo\graph.cpp(52): warning C4018: “<”: 有符号/无符号不匹配
c:\users\ted_d\desktop\comp\2501\teamproject\texturedemo\texturedemo\graph.cpp(86): warning C4018: “<”: 有符号/无符号不匹配
c:\users\ted_d\desktop\comp\2501\teamproject\texturedemo\texturedemo\graph.cpp(96): warning C4018: “<”: 有符号/无符号不匹配
c:\users\ted_d\desktop\comp\2501\teamproject\texturedemo\texturedemo\graph.cpp(108): warning C4018: “<”: 有符号/无符号不匹配
c:\users\ted_d\desktop\comp\2501\teamproject\texturedemo\texturedemo\graph.cpp(109): warning C4018: “<”: 有符号/无符号不匹配
c:\users\ted_d\desktop\comp\2501\teamproject\texturedemo\texturedemo\graph.cpp(115): warning C4018: “<”: 有符号/无符号不匹配
c:\users\ted_d\desktop\comp\2501\teamproject\texturedemo\texturedemo\graph.cpp(116): warning C4018: “<”: 有符号/无符号不匹配
c:\users\ted_d\desktop\comp\2501\teamproject\texturedemo\texturedemo\graph.cpp(135): warning C4018: “<”: 有符号/无符号不匹配
c:\users\ted_d\desktop\comp\2501\teamproject\texturedemo\texturedemo\graph.cpp(136): warning C4018: “<”: 有符号/无符号不匹配
c:\users\ted_d\desktop\comp\2501\teamproject\texturedemo\texturedemo\graph.cpp(166): warning C4244: “-=”: 从“double”转换到“float”，可能丢失数据
c:\users\ted_d\desktop\comp\2501\teamproject\texturedemo\texturedemo\graph.cpp(167): warning C4244: “-=”: 从“double”转换到“float”，可能丢失数据
c:\users\ted_d\desktop\comp\2501\teamproject\texturedemo\texturedemo\graph.cpp(173): warning C4018: “>=”: 有符号/无符号不匹配
c:\users\ted_d\desktop\comp\2501\teamproject\texturedemo\texturedemo\graph.cpp(176): warning C4018: “>=”: 有符号/无符号不匹配
c:\users\ted_d\desktop\comp\2501\teamproject\texturedemo\texturedemo\graph.cpp(194): warning C4244: “初始化”: 从“double”转换到“float”，可能丢失数据
c:\users\ted_d\desktop\comp\2501\teamproject\texturedemo\texturedemo\graph.cpp(195): warning C4244: “初始化”: 从“double”转换到“float”，可能丢失数据
c:\users\ted_d\desktop\comp\2501\teamproject\texturedemo\texturedemo\graph.cpp(197): warning C4305: “/=”: 从“double”到“float”截断
c:\users\ted_d\desktop\comp\2501\teamproject\texturedemo\texturedemo\graph.cpp(198): warning C4305: “/=”: 从“double”到“float”截断
c:\users\ted_d\desktop\comp\2501\teamproject\texturedemo\texturedemo\graph.cpp(220): warning C4018: “<”: 有符号/无符号不匹配
c:\users\ted_d\desktop\comp\2501\teamproject\texturedemo\texturedemo\graph.cpp(226): warning C4018: “<”: 有符号/无符号不匹配
c:\users\ted_d\desktop\comp\2501\teamproject\texturedemo\texturedemo\graph.cpp(264): warning C4018: “<”: 有符号/无符号不匹配
c:\users\ted_d\desktop\comp\2501\teamproject\texturedemo\texturedemo\graph.cpp(265): warning C4018: “<”: 有符号/无符号不匹配
c:\users\ted_d\desktop\comp\2501\teamproject\texturedemo\texturedemo\graph.cpp(292): warning C4018: “<”: 有符号/无符号不匹配
  Node.cpp
c:\users\ted_d\desktop\comp\2501\teamproject\texturedemo\texturedemo\node.h(34): warning C4018: “<”: 有符号/无符号不匹配
  ParticleShader.cpp
  PlayerGameObject.cpp
  GameObject.cpp
c:\users\ted_d\desktop\comp\2501\teamproject\texturedemo\texturedemo\gameobject.cpp(19): warning C4244: “=”: 从“double”转换到“float”，可能丢失数据
  GLM: rotate function taking degrees as a parameter is deprecated. #define GLM_FORCE_RADIANS before including GLM headers to remove this message.
  main.cpp
c:\users\ted_d\desktop\comp\2501\teamproject\texturedemo\texturedemo\node.h(34): warning C4018: “<”: 有符号/无符号不匹配
c:\users\ted_d\desktop\comp\2501\teamproject\texturedemo\texturedemo\enemy.h(55): warning C4244: “初始化”: 从“double”转换到“int”，可能丢失数据
c:\users\ted_d\desktop\comp\2501\teamproject\texturedemo\texturedemo\main.cpp(64): warning C4305: “初始化”: 从“double”到“float”截断
c:\users\ted_d\desktop\comp\2501\teamproject\texturedemo\texturedemo\main.cpp(96): warning C4101: “ebo”: 未引用的局部变量
c:\users\ted_d\desktop\comp\2501\teamproject\texturedemo\texturedemo\main.cpp(96): warning C4101: “vbo”: 未引用的局部变量
c:\users\ted_d\desktop\comp\2501\teamproject\texturedemo\texturedemo\main.cpp(138): warning C4244: “=”: 从“double”转换到“float”，可能丢失数据
c:\users\ted_d\desktop\comp\2501\teamproject\texturedemo\texturedemo\main.cpp(139): warning C4244: “=”: 从“double”转换到“float”，可能丢失数据
c:\users\ted_d\desktop\comp\2501\teamproject\texturedemo\texturedemo\main.cpp(174): warning C4101: “ebo”: 未引用的局部变量
c:\users\ted_d\desktop\comp\2501\teamproject\texturedemo\texturedemo\main.cpp(174): warning C4101: “vbo”: 未引用的局部变量
c:\users\ted_d\desktop\comp\2501\teamproject\texturedemo\texturedemo\main.cpp(261): warning C4244: “参数”: 从“int”转换到“float”，可能丢失数据
c:\users\ted_d\desktop\comp\2501\teamproject\texturedemo\texturedemo\main.cpp(383): warning C4018: “<”: 有符号/无符号不匹配
c:\users\ted_d\desktop\comp\2501\teamproject\texturedemo\texturedemo\main.cpp(497): warning C4244: “初始化”: 从“double”转换到“float”，可能丢失数据
c:\users\ted_d\desktop\comp\2501\teamproject\texturedemo\texturedemo\main.cpp(498): warning C4244: “初始化”: 从“double”转换到“float”，可能丢失数据
c:\users\ted_d\desktop\comp\2501\teamproject\texturedemo\texturedemo\main.cpp(500): warning C4305: “/=”: 从“double”到“float”截断
c:\users\ted_d\desktop\comp\2501\teamproject\texturedemo\texturedemo\main.cpp(501): warning C4305: “/=”: 从“double”到“float”截断
c:\users\ted_d\desktop\comp\2501\teamproject\texturedemo\texturedemo\main.cpp(724): warning C4018: “<”: 有符号/无符号不匹配
c:\users\ted_d\desktop\comp\2501\teamproject\texturedemo\texturedemo\main.cpp(767): warning C4018: “<”: 有符号/无符号不匹配
c:\users\ted_d\desktop\comp\2501\teamproject\texturedemo\texturedemo\main.cpp(770): warning C4018: “<”: 有符号/无符号不匹配
c:\users\ted_d\desktop\comp\2501\teamproject\texturedemo\texturedemo\main.cpp(780): warning C4018: “<”: 有符号/无符号不匹配
c:\users\ted_d\desktop\comp\2501\teamproject\texturedemo\texturedemo\main.cpp(798): warning C4018: “<”: 有符号/无符号不匹配
c:\users\ted_d\desktop\comp\2501\teamproject\texturedemo\texturedemo\main.cpp(806): warning C4018: “<”: 有符号/无符号不匹配
c:\users\ted_d\desktop\comp\2501\teamproject\texturedemo\texturedemo\main.cpp(808): warning C4305: “参数”: 从“double”到“float”截断
c:\users\ted_d\desktop\comp\2501\teamproject\texturedemo\texturedemo\main.cpp(841): warning C4244: “参数”: 从“float”转换到“int”，可能丢失数据
c:\users\ted_d\desktop\comp\2501\teamproject\texturedemo\texturedemo\main.cpp(849): warning C4244: “+=”: 从“double”转换到“float”，可能丢失数据
c:\users\ted_d\desktop\comp\2501\teamproject\texturedemo\texturedemo\main.cpp(884): warning C4018: “<”: 有符号/无符号不匹配
  GLM: rotate function taking degrees as a parameter is deprecated. #define GLM_FORCE_RADIANS before including GLM headers to remove this message.
  FileUtils.cpp
  Shader.cpp
  Tower.cpp
c:\users\ted_d\desktop\comp\2501\teamproject\texturedemo\texturedemo\node.h(34): warning C4018: “<”: 有符号/无符号不匹配
c:\users\ted_d\desktop\comp\2501\teamproject\texturedemo\texturedemo\enemy.h(55): warning C4244: “初始化”: 从“double”转换到“int”，可能丢失数据
c:\users\ted_d\desktop\comp\2501\teamproject\texturedemo\texturedemo\tower.cpp(33): warning C4244: “-=”: 从“double”转换到“float”，可能丢失数据
c:\users\ted_d\desktop\comp\2501\teamproject\texturedemo\texturedemo\tower.cpp(38): warning C4244: “=”: 从“double”转换到“float”，可能丢失数据
c:\users\ted_d\desktop\comp\2501\teamproject\texturedemo\texturedemo\tower.cpp(57): warning C4018: “<”: 有符号/无符号不匹配
c:\users\ted_d\desktop\comp\2501\teamproject\texturedemo\texturedemo\tower.cpp(71): warning C4244: “=”: 从“double”转换到“float”，可能丢失数据
c:\users\ted_d\desktop\comp\2501\teamproject\texturedemo\texturedemo\tower.cpp(82): warning C4018: “<”: 有符号/无符号不匹配
c:\users\ted_d\desktop\comp\2501\teamproject\texturedemo\texturedemo\tower.cpp(105): warning C4244: “=”: 从“double”转换到“float”，可能丢失数据
c:\users\ted_d\desktop\comp\2501\teamproject\texturedemo\texturedemo\tower.cpp(112): warning C4244: “=”: 从“double”转换到“T”，可能丢失数据
          with
          [
              T=float
          ]
c:\users\ted_d\desktop\comp\2501\teamproject\texturedemo\texturedemo\tower.cpp(113): warning C4244: “=”: 从“double”转换到“T”，可能丢失数据
          with
          [
              T=float
          ]
c:\users\ted_d\desktop\comp\2501\teamproject\texturedemo\texturedemo\tower.cpp(142): warning C4244: “=”: 从“double”转换到“T”，可能丢失数据
          with
          [
              T=float
          ]
c:\users\ted_d\desktop\comp\2501\teamproject\texturedemo\texturedemo\tower.cpp(143): warning C4244: “=”: 从“double”转换到“T”，可能丢失数据
          with
          [
              T=float
          ]
c:\users\ted_d\desktop\comp\2501\teamproject\texturedemo\texturedemo\tower.cpp(151): warning C4244: “=”: 从“double”转换到“float”，可能丢失数据
  GLM: rotate function taking degrees as a parameter is deprecated. #define GLM_FORCE_RADIANS before including GLM headers to remove this message.
  Window.cpp
  正在生成代码...
c:\users\ted_d\desktop\comp\2501\teamproject\texturedemo\texturedemo\graph.cpp(351): warning C4715: “Graph::getNEXT”: 不是所有的控件路径都返回值
c:\users\ted_d\desktop\comp\2501\teamproject\texturedemo\texturedemo\enemy.cpp(24): warning C4715: “Enemy::getNEXT”: 不是所有的控件路径都返回值
  SOIL.lib(SOIL.obj) : 找到 MSIL .netmodule 或使用 /GL 编译的模块；正在使用 /LTCG 重新启动链接；将 /LTCG 添加到链接命令行以改进链接器性能
LINK : warning LNK4075: 
LINK : warning LNK4098: 
LINK : warning LNK4098: 
  
  
ParticleShader.obj : warning LNK4049: 
Shader.obj : warning LNK4049: 
ParticleShader.obj : warning LNK4049: 
Shader.obj : warning LNK4049: 
ParticleShader.obj : warning LNK4049: 
Shader.obj : warning LNK4049: 
ParticleShader.obj : warning LNK4049: 
Shader.obj : warning LNK4049: 
ParticleShader.obj : warning LNK4049: 
Shader.obj : warning LNK4049: 
ParticleShader.obj : warning LNK4049: 
Shader.obj : warning LNK4049: 
ParticleShader.obj : warning LNK4049: 
Shader.obj : warning LNK4049: 
ParticleShader.obj : warning LNK4049: 
Shader.obj : warning LNK4049: 
ParticleShader.obj : warning LNK4049: 
Shader.obj : warning LNK4049: 
ParticleShader.obj : warning LNK4049: 
Shader.obj : warning LNK4049: 
ParticleShader.obj : warning LNK4049: 
Shader.obj : warning LNK4049: 
ParticleShader.obj : warning LNK4049: 
GameObject.obj : warning LNK4049: 
Shader.obj : warning LNK4049: 
Tower.obj : warning LNK4049: 
ParticleShader.obj : warning LNK4049: 
Shader.obj : warning LNK4049: 
ParticleShader.obj : warning LNK4049: 
Shader.obj : warning LNK4049: 
ParticleShader.obj : warning LNK4049: 
Shader.obj : warning LNK4049: 
ParticleShader.obj : warning LNK4049: 
Shader.obj : warning LNK4049: 
ParticleShader.obj : warning LNK4049: 
Shader.obj : warning LNK4049: 
ParticleShader.obj : warning LNK4049: 
GameObject.obj : warning LNK4049: 
Shader.obj : warning LNK4049: 
Tower.obj : warning LNK4049: 
ParticleShader.obj : warning LNK4049: 
Shader.obj : warning LNK4049: 
ParticleShader.obj : warning LNK4049: 
Shader.obj : warning LNK4049: 
ParticleShader.obj : warning LNK4049: 
Shader.obj : warning LNK4049: 
ParticleShader.obj : warning LNK4049: 
Shader.obj : warning LNK4049: 
Window.obj : warning LNK4049: 
Window.obj : warning LNK4049: 
Window.obj : warning LNK4049: 
SOIL.lib(SOIL.obj) : warning LNK4099: 
SOIL.lib(image_helper.obj) : warning LNK4099: 
SOIL.lib(stb_image_aug.obj) : warning LNK4099: 
SOIL.lib(image_DXT.obj) : warning LNK4099: 
glew32s.lib(glew.obj) : warning LNK4099: 
  TextureDemo.vcxproj -> C:\Users\ted_D\Desktop\COMP\2501\teamproject\TextureDemo\Debug\TextureDemo.exe
